<?xml version="1.0" encoding="UTF-8"?>
<!-- Generated by org.testng.reporters.JUnitXMLReporter -->
<testsuite ignored="10" hostname="Hp" failures="1" tests="11" name="Test" time="671.952" errors="0" timestamp="2024-06-10T17:06:01 IST">
  <testcase classname="X_YUG.XyugCareersWorkshopPage" name="WorkShop" time="26.892"/>
  <testcase classname="X_YUG.XyugMobileAplnDevelpmentService" name="mobile" time="79.629"/>
  <testcase classname="X_YUG.XyugOurWorksPage" name="DashboardHome" time="86.741"/>
  <testcase classname="X_YUG.XyugDashBoard" name="DashboardHome" time="2.418">
    <failure type="org.openqa.selenium.ElementClickInterceptedException" message="element click intercepted: Element &amp;lt;a href=&amp;quot;#services&amp;quot; class=&amp;quot;get-started-btn scrollto mt-4&amp;quot;&amp;gt;...&amp;lt;/a&amp;gt; is not clickable at point (759, 433). Other element would receive the click: &amp;lt;lottie-player src=&amp;quot;https://assets7.lottiefiles.com/packages/lf20_GHNvFiTjsz.json&amp;quot; background=&amp;quot;transparent&amp;quot; speed=&amp;quot;1.5&amp;quot; style=&amp;quot;width: 100%; height: 100%;&amp;quot; loop=&amp;quot;&amp;quot; autoplay=&amp;quot;&amp;quot;&amp;gt;&amp;lt;/lottie-player&amp;gt;
  (Session info: chrome=125.0.6422.142)
Build info: version: &amp;apos;4.14.1&amp;apos;, revision: &amp;apos;03f8ede370&amp;apos;
System info: os.name: &amp;apos;Windows 11&amp;apos;, os.arch: &amp;apos;amd64&amp;apos;, os.version: &amp;apos;10.0&amp;apos;, java.version: &amp;apos;17.0.8.1&amp;apos;
Driver info: org.openqa.selenium.chrome.ChromeDriver
Command: [a05e60a35194797302558a24b70df34b, clickElement {id=f.A394D4DF7A673AACE4E934672B598466.d.589DC96A2A702E1B36936CA8A23D1165.e.34}]
Capabilities {acceptInsecureCerts: false, browserName: chrome, browserVersion: 125.0.6422.142, chrome: {chromedriverVersion: 125.0.6422.141 (4b1e8393712..., userDataDir: C:\Users\TRIVEN~1\AppData\L...}, fedcm:accounts: true, goog:chromeOptions: {debuggerAddress: localhost:60346}, networkConnectionEnabled: false, pageLoadStrategy: normal, platformName: windows, proxy: Proxy(), se:cdp: ws://localhost:60346/devtoo..., se:cdpVersion: 125.0.6422.142, setWindowRect: true, strictFileInteractability: false, timeouts: {implicit: 0, pageLoad: 300000, script: 30000}, unhandledPromptBehavior: dismiss and notify, webauthn:extension:credBlob: true, webauthn:extension:largeBlob: true, webauthn:extension:minPinLength: true, webauthn:extension:prf: true, webauthn:virtualAuthenticators: true}
Element: [[ChromeDriver: chrome on windows (a05e60a35194797302558a24b70df34b)] -&amp;gt; xpath: //a[.=&amp;apos;Read more&amp;apos;]]
Session ID: a05e60a35194797302558a24b70df34b">
      <![CDATA[org.openqa.selenium.ElementClickInterceptedException: element click intercepted: Element <a href="#services" class="get-started-btn scrollto mt-4">...</a> is not clickable at point (759, 433). Other element would receive the click: <lottie-player src="https://assets7.lottiefiles.com/packages/lf20_GHNvFiTjsz.json" background="transparent" speed="1.5" style="width: 100%; height: 100%;" loop="" autoplay=""></lottie-player>
  (Session info: chrome=125.0.6422.142)
Build info: version: '4.14.1', revision: '03f8ede370'
System info: os.name: 'Windows 11', os.arch: 'amd64', os.version: '10.0', java.version: '17.0.8.1'
Driver info: org.openqa.selenium.chrome.ChromeDriver
Command: [a05e60a35194797302558a24b70df34b, clickElement {id=f.A394D4DF7A673AACE4E934672B598466.d.589DC96A2A702E1B36936CA8A23D1165.e.34}]
Capabilities {acceptInsecureCerts: false, browserName: chrome, browserVersion: 125.0.6422.142, chrome: {chromedriverVersion: 125.0.6422.141 (4b1e8393712..., userDataDir: C:\Users\TRIVEN~1\AppData\L...}, fedcm:accounts: true, goog:chromeOptions: {debuggerAddress: localhost:60346}, networkConnectionEnabled: false, pageLoadStrategy: normal, platformName: windows, proxy: Proxy(), se:cdp: ws://localhost:60346/devtoo..., se:cdpVersion: 125.0.6422.142, setWindowRect: true, strictFileInteractability: false, timeouts: {implicit: 0, pageLoad: 300000, script: 30000}, unhandledPromptBehavior: dismiss and notify, webauthn:extension:credBlob: true, webauthn:extension:largeBlob: true, webauthn:extension:minPinLength: true, webauthn:extension:prf: true, webauthn:virtualAuthenticators: true}
Element: [[ChromeDriver: chrome on windows (a05e60a35194797302558a24b70df34b)] -> xpath: //a[.='Read more']]
Session ID: a05e60a35194797302558a24b70df34b
at org.openqa.selenium.remote.codec.w3c.W3CHttpResponseCodec.createException(W3CHttpResponseCodec.java:200)
at org.openqa.selenium.remote.codec.w3c.W3CHttpResponseCodec.decode(W3CHttpResponseCodec.java:133)
at org.openqa.selenium.remote.codec.w3c.W3CHttpResponseCodec.decode(W3CHttpResponseCodec.java:52)
at org.openqa.selenium.remote.HttpCommandExecutor.execute(HttpCommandExecutor.java:191)
at org.openqa.selenium.remote.service.DriverCommandExecutor.invokeExecute(DriverCommandExecutor.java:200)
at org.openqa.selenium.remote.service.DriverCommandExecutor.execute(DriverCommandExecutor.java:175)
at org.openqa.selenium.remote.RemoteWebDriver.execute(RemoteWebDriver.java:602)
at org.openqa.selenium.remote.RemoteWebElement.execute(RemoteWebElement.java:224)
at org.openqa.selenium.remote.RemoteWebElement.click(RemoteWebElement.java:77)
at org.openqa.selenium.support.pagefactory.internal.LocatingElementHandler.invoke(LocatingElementHandler.java:51)
at jdk.proxy2/jdk.proxy2.$Proxy15.click(Unknown Source)
at ObjectRepository.Xyug_DashBoard.Xyughome(Xyug_DashBoard.java:181)
at X_YUG.XyugDashBoard.DashboardHome(XyugDashBoard.java:11)
at java.base/java.util.ArrayList.forEach(ArrayList.java:1511)
... Removed 35 stack frames]]>
    </failure>
  </testcase> <!-- DashboardHome -->
  <testcase classname="X_YUG.XyugDevopAsService" name="performeDevops" time="19.777"/>
  <testcase classname="X_YUG.XyugSoftwareDevelopmentService" name="clickReadMore" time="86.312"/>
  <testcase classname="X_YUG.XyugDigitalMarketingService" name="clickDigitalMarketing" time="27.615"/>
  <testcase classname="X_YUG.XyugUIUXDesignService" name="clickUiUx" time="44.975"/>
  <testcase classname="X_YUG.XyugMetaverseService" name="clickMetaverse" time="72.205"/>
  <testcase classname="X_YUG.XyugVFXVedioEditingService" name="PerformeVFX" time="72.191"/>
  <testcase classname="X_YUG.XyugAboutPage" name="DashboardHome" time="51.575"/>
  <testcase classname="GenricUtility.Base" name="@BeforeSuite bsconfig" time="0.0">
    <ignored/>
  </testcase> <!-- @BeforeSuite bsconfig -->
  <testcase classname="GenricUtility.Base" name="@BeforeSuite bsconfig" time="0.0">
    <ignored/>
  </testcase> <!-- @BeforeSuite bsconfig -->
  <testcase classname="GenricUtility.Base" name="@BeforeSuite bsconfig" time="0.0">
    <ignored/>
  </testcase> <!-- @BeforeSuite bsconfig -->
  <testcase classname="GenricUtility.Base" name="@BeforeSuite bsconfig" time="0.0">
    <ignored/>
  </testcase> <!-- @BeforeSuite bsconfig -->
  <testcase classname="GenricUtility.Base" name="@BeforeSuite bsconfig" time="0.0">
    <ignored/>
  </testcase> <!-- @BeforeSuite bsconfig -->
  <testcase classname="GenricUtility.Base" name="@BeforeSuite bsconfig" time="0.0">
    <ignored/>
  </testcase> <!-- @BeforeSuite bsconfig -->
  <testcase classname="GenricUtility.Base" name="@BeforeSuite bsconfig" time="0.0">
    <ignored/>
  </testcase> <!-- @BeforeSuite bsconfig -->
  <testcase classname="GenricUtility.Base" name="@BeforeSuite bsconfig" time="0.0">
    <ignored/>
  </testcase> <!-- @BeforeSuite bsconfig -->
  <testcase classname="GenricUtility.Base" name="@BeforeSuite bsconfig" time="0.0">
    <ignored/>
  </testcase> <!-- @BeforeSuite bsconfig -->
  <testcase classname="GenricUtility.Base" name="@BeforeSuite bsconfig" time="0.0">
    <ignored/>
  </testcase> <!-- @BeforeSuite bsconfig -->
</testsuite> <!-- Test -->
